  % Total    % Received % Xferd  Average Speed   Time    Time     Time  Current
                                 Dload  Upload   Total   Spent    Left  Speed
  0     0    0     0    0     0      0      0 --:--:-- --:--:-- --:--:--     0*   Trying 18.222.72.133:80...
* Connected to ec2-18-222-72-133.us-east-2.compute.amazonaws.com (18.222.72.133) port 80 (#0)
> GET /accounts/login/ HTTP/1.1
> Host: ec2-18-222-72-133.us-east-2.compute.amazonaws.com
> User-Agent: curl/7.86.0
> Accept: */*
> 
* Mark bundle as not supporting multiuse
< HTTP/1.1 200 OK
< Server: nginx/1.18.0 (Ubuntu)
< Date: Sat, 23 Sep 2023 02:12:50 GMT
< Content-Type: text/html; charset=utf-8
< Content-Length: 918
< Connection: keep-alive
< 
{ [918 bytes data]
100   918  100   918    0     0  10361      0 --:--:-- --:--:-- --:--:-- 12929
* Connection #0 to host ec2-18-222-72-133.us-east-2.compute.amazonaws.com left intact
